<?xml version="1.0" ?>
<coverage version="7.10.7" timestamp="1759308457425" lines-valid="300" lines-covered="202" line-rate="0.6733" branches-covered="0" branches-valid="0" branch-rate="0" complexity="0">
	<!-- Generated by coverage.py: https://coverage.readthedocs.io/en/7.10.7 -->
	<!-- Based on https://raw.githubusercontent.com/cobertura/web/master/htdocs/xml/coverage-04.dtd -->
	<sources>
		<source>/Users/max/Python/Schul-Analysis</source>
	</sources>
	<packages>
		<package name="src.schul_analysis" line-rate="0.6733" branch-rate="0" complexity="0">
			<classes>
				<class name="ganzrationale.py" filename="src/schul_analysis/ganzrationale.py" complexity="0" line-rate="0.6733" branch-rate="0">
					<methods/>
					<lines>
						<line number="8" hits="1"/>
						<line number="9" hits="1"/>
						<line number="10" hits="1"/>
						<line number="11" hits="1"/>
						<line number="12" hits="1"/>
						<line number="13" hits="1"/>
						<line number="14" hits="1"/>
						<line number="15" hits="1"/>
						<line number="16" hits="1"/>
						<line number="19" hits="1"/>
						<line number="25" hits="1"/>
						<line number="32" hits="1"/>
						<line number="33" hits="1"/>
						<line number="35" hits="1"/>
						<line number="37" hits="1"/>
						<line number="38" hits="1"/>
						<line number="40" hits="1"/>
						<line number="41" hits="1"/>
						<line number="42" hits="1"/>
						<line number="44" hits="1"/>
						<line number="45" hits="1"/>
						<line number="47" hits="1"/>
						<line number="50" hits="1"/>
						<line number="52" hits="1"/>
						<line number="70" hits="1"/>
						<line number="71" hits="0"/>
						<line number="74" hits="1"/>
						<line number="76" hits="1"/>
						<line number="78" hits="1"/>
						<line number="81" hits="1"/>
						<line number="83" hits="1"/>
						<line number="86" hits="1"/>
						<line number="89" hits="1"/>
						<line number="90" hits="1"/>
						<line number="95" hits="1"/>
						<line number="97" hits="1"/>
						<line number="99" hits="1"/>
						<line number="100" hits="1"/>
						<line number="102" hits="1"/>
						<line number="104" hits="1"/>
						<line number="111" hits="1"/>
						<line number="113" hits="1"/>
						<line number="115" hits="1"/>
						<line number="117" hits="0"/>
						<line number="120" hits="0"/>
						<line number="123" hits="0"/>
						<line number="124" hits="0"/>
						<line number="126" hits="0"/>
						<line number="127" hits="0"/>
						<line number="130" hits="0"/>
						<line number="131" hits="0"/>
						<line number="133" hits="0"/>
						<line number="135" hits="0"/>
						<line number="136" hits="0"/>
						<line number="138" hits="0"/>
						<line number="141" hits="0"/>
						<line number="142" hits="0"/>
						<line number="144" hits="0"/>
						<line number="147" hits="0"/>
						<line number="149" hits="0"/>
						<line number="151" hits="0"/>
						<line number="152" hits="0"/>
						<line number="155" hits="0"/>
						<line number="157" hits="0"/>
						<line number="159" hits="0"/>
						<line number="161" hits="0"/>
						<line number="162" hits="0"/>
						<line number="164" hits="0"/>
						<line number="165" hits="0"/>
						<line number="166" hits="0"/>
						<line number="170" hits="1"/>
						<line number="172" hits="1"/>
						<line number="173" hits="1"/>
						<line number="174" hits="1"/>
						<line number="175" hits="0"/>
						<line number="176" hits="1"/>
						<line number="177" hits="1"/>
						<line number="178" hits="1"/>
						<line number="179" hits="1"/>
						<line number="180" hits="0"/>
						<line number="181" hits="1"/>
						<line number="182" hits="0"/>
						<line number="184" hits="1"/>
						<line number="186" hits="1"/>
						<line number="187" hits="0"/>
						<line number="188" hits="1"/>
						<line number="189" hits="0"/>
						<line number="191" hits="1"/>
						<line number="193" hits="1"/>
						<line number="194" hits="0"/>
						<line number="196" hits="1"/>
						<line number="198" hits="1"/>
						<line number="200" hits="1"/>
						<line number="201" hits="1"/>
						<line number="202" hits="1"/>
						<line number="203" hits="1"/>
						<line number="205" hits="1"/>
						<line number="208" hits="1"/>
						<line number="210" hits="1"/>
						<line number="211" hits="1"/>
						<line number="212" hits="1"/>
						<line number="213" hits="0"/>
						<line number="214" hits="1"/>
						<line number="215" hits="1"/>
						<line number="216" hits="1"/>
						<line number="217" hits="1"/>
						<line number="218" hits="0"/>
						<line number="219" hits="1"/>
						<line number="220" hits="0"/>
						<line number="222" hits="1"/>
						<line number="224" hits="1"/>
						<line number="225" hits="1"/>
						<line number="226" hits="1"/>
						<line number="227" hits="0"/>
						<line number="229" hits="1"/>
						<line number="231" hits="1"/>
						<line number="232" hits="0"/>
						<line number="234" hits="1"/>
						<line number="236" hits="1"/>
						<line number="238" hits="1"/>
						<line number="239" hits="1"/>
						<line number="242" hits="1"/>
						<line number="243" hits="1"/>
						<line number="246" hits="1"/>
						<line number="247" hits="1"/>
						<line number="248" hits="1"/>
						<line number="250" hits="1"/>
						<line number="251" hits="1"/>
						<line number="252" hits="0"/>
						<line number="253" hits="0"/>
						<line number="255" hits="0"/>
						<line number="258" hits="1"/>
						<line number="259" hits="1"/>
						<line number="261" hits="0"/>
						<line number="263" hits="1"/>
						<line number="265" hits="1"/>
						<line number="266" hits="1"/>
						<line number="267" hits="1"/>
						<line number="268" hits="1"/>
						<line number="270" hits="1"/>
						<line number="273" hits="1"/>
						<line number="277" hits="1"/>
						<line number="278" hits="1"/>
						<line number="280" hits="1"/>
						<line number="282" hits="1"/>
						<line number="285" hits="1"/>
						<line number="287" hits="1"/>
						<line number="288" hits="1"/>
						<line number="289" hits="1"/>
						<line number="290" hits="1"/>
						<line number="292" hits="1"/>
						<line number="293" hits="1"/>
						<line number="296" hits="1"/>
						<line number="299" hits="1"/>
						<line number="300" hits="1"/>
						<line number="301" hits="1"/>
						<line number="302" hits="1"/>
						<line number="304" hits="1"/>
						<line number="306" hits="1"/>
						<line number="308" hits="1"/>
						<line number="310" hits="1"/>
						<line number="312" hits="1"/>
						<line number="314" hits="1"/>
						<line number="316" hits="1"/>
						<line number="318" hits="1"/>
						<line number="321" hits="1"/>
						<line number="322" hits="1"/>
						<line number="323" hits="1"/>
						<line number="324" hits="1"/>
						<line number="325" hits="1"/>
						<line number="329" hits="1"/>
						<line number="330" hits="1"/>
						<line number="331" hits="0"/>
						<line number="333" hits="1"/>
						<line number="335" hits="1"/>
						<line number="337" hits="1"/>
						<line number="338" hits="1"/>
						<line number="339" hits="1"/>
						<line number="341" hits="1"/>
						<line number="342" hits="1"/>
						<line number="344" hits="1"/>
						<line number="345" hits="1"/>
						<line number="348" hits="0"/>
						<line number="349" hits="0"/>
						<line number="352" hits="0"/>
						<line number="354" hits="1"/>
						<line number="355" hits="0"/>
						<line number="356" hits="0"/>
						<line number="358" hits="1"/>
						<line number="360" hits="1"/>
						<line number="362" hits="1"/>
						<line number="365" hits="1"/>
						<line number="367" hits="1"/>
						<line number="369" hits="1"/>
						<line number="370" hits="1"/>
						<line number="371" hits="1"/>
						<line number="374" hits="1"/>
						<line number="375" hits="1"/>
						<line number="377" hits="1"/>
						<line number="378" hits="1"/>
						<line number="379" hits="1"/>
						<line number="380" hits="1"/>
						<line number="382" hits="0"/>
						<line number="384" hits="1"/>
						<line number="386" hits="1"/>
						<line number="387" hits="0"/>
						<line number="388" hits="0"/>
						<line number="390" hits="1"/>
						<line number="392" hits="1"/>
						<line number="393" hits="1"/>
						<line number="396" hits="1"/>
						<line number="398" hits="1"/>
						<line number="399" hits="0"/>
						<line number="400" hits="1"/>
						<line number="401" hits="1"/>
						<line number="402" hits="1"/>
						<line number="404" hits="1"/>
						<line number="405" hits="1"/>
						<line number="406" hits="1"/>
						<line number="408" hits="1"/>
						<line number="409" hits="1"/>
						<line number="410" hits="1"/>
						<line number="412" hits="1"/>
						<line number="419" hits="1"/>
						<line number="421" hits="1"/>
						<line number="422" hits="1"/>
						<line number="423" hits="1"/>
						<line number="424" hits="1"/>
						<line number="425" hits="1"/>
						<line number="429" hits="1"/>
						<line number="430" hits="1"/>
						<line number="431" hits="1"/>
						<line number="432" hits="1"/>
						<line number="433" hits="1"/>
						<line number="434" hits="1"/>
						<line number="435" hits="1"/>
						<line number="436" hits="1"/>
						<line number="437" hits="0"/>
						<line number="438" hits="0"/>
						<line number="439" hits="0"/>
						<line number="441" hits="1"/>
						<line number="442" hits="1"/>
						<line number="445" hits="1"/>
						<line number="446" hits="1"/>
						<line number="447" hits="1"/>
						<line number="448" hits="1"/>
						<line number="449" hits="1"/>
						<line number="450" hits="1"/>
						<line number="451" hits="1"/>
						<line number="452" hits="1"/>
						<line number="453" hits="1"/>
						<line number="454" hits="1"/>
						<line number="455" hits="1"/>
						<line number="457" hits="1"/>
						<line number="463" hits="1"/>
						<line number="467" hits="0"/>
						<line number="468" hits="0"/>
						<line number="470" hits="0"/>
						<line number="478" hits="0"/>
						<line number="493" hits="0"/>
						<line number="495" hits="1"/>
						<line number="500" hits="0"/>
						<line number="501" hits="0"/>
						<line number="503" hits="0"/>
						<line number="506" hits="0"/>
						<line number="517" hits="0"/>
						<line number="519" hits="0"/>
						<line number="520" hits="0"/>
						<line number="521" hits="0"/>
						<line number="522" hits="0"/>
						<line number="524" hits="0"/>
						<line number="535" hits="0"/>
						<line number="536" hits="0"/>
						<line number="539" hits="0"/>
						<line number="579" hits="0"/>
						<line number="581" hits="1"/>
						<line number="586" hits="0"/>
						<line number="587" hits="0"/>
						<line number="590" hits="0"/>
						<line number="593" hits="0"/>
						<line number="604" hits="0"/>
						<line number="605" hits="0"/>
						<line number="606" hits="0"/>
						<line number="607" hits="0"/>
						<line number="608" hits="0"/>
						<line number="610" hits="0"/>
						<line number="622" hits="0"/>
						<line number="624" hits="0"/>
						<line number="627" hits="0"/>
						<line number="643" hits="0"/>
						<line number="645" hits="1"/>
						<line number="650" hits="0"/>
						<line number="653" hits="0"/>
						<line number="656" hits="0"/>
						<line number="657" hits="0"/>
						<line number="660" hits="0"/>
						<line number="671" hits="0"/>
						<line number="680" hits="0"/>
						<line number="693" hits="0"/>
						<line number="717" hits="0"/>
					</lines>
				</class>
			</classes>
		</package>
	</packages>
</coverage>
